<?xml version="1.0" encoding="UTF-8"?>
<TestRun id="c67643f7-fa48-4b6d-acd1-636ad317f247" name="willem@WILLEM-PC 2013-03-30 23:04:43" runUser="willem-PC\willem" xmlns="http://microsoft.com/schemas/VisualStudio/TeamTest/2010">
  <TestSettings name="Default Test Settings" id="4eaaf42a-aba8-47ca-b4ca-f4b72c3c5a07">
    <Deployment runDeploymentRoot="willem_WILLEM-PC 2013-03-30 23_04_43">
      <DeploymentItem filename="D:\code\MonackFr\MonackFr\MonackFr.Mvc\MonackFr.Mvc\Areas\UserManagement.Tests\bin\Debug\System.Web.Optimization.dll" />
      <DeploymentItem filename="C:\Program Files (x86)\Microsoft ASP.NET\ASP.NET Web Pages\v2.0\Assemblies\System.Web.WebPages.Deployment.dll" />
      <DeploymentItem filename="C:\Program Files (x86)\Microsoft ASP.NET\ASP.NET MVC 4\Assemblies\System.Net.Http.dll" />
      <DeploymentItem filename="C:\Program Files (x86)\Microsoft ASP.NET\ASP.NET Web Pages\v2.0\Assemblies\System.Web.Helpers.dll" />
      <DeploymentItem filename="D:\code\MonackFr\MonackFr\MonackFr.Mvc\MonackFr.Mvc\Areas\UserManagement.Tests\bin\Debug\WebGrease.dll" />
      <DeploymentItem filename="D:\code\MonackFr\MonackFr\MonackFr.Mvc\MonackFr.Mvc\bin\System.Web.Providers.dll" />
      <DeploymentItem filename="C:\Program Files (x86)\Microsoft ASP.NET\ASP.NET MVC 4\Assemblies\System.Web.Http.dll" />
      <DeploymentItem filename="D:\code\MonackFr\MonackFr\MonackFr.Mvc\MonackFr.Mvc\Areas\UserManagement.Tests\bin\Debug\Antlr3.Runtime.dll" />
      <DeploymentItem filename="C:\Program Files (x86)\Microsoft ASP.NET\ASP.NET Web Pages\v2.0\Assemblies\System.Web.Razor.dll" />
      <DeploymentItem filename="D:\code\MonackFr\MonackFr\MonackFr.Library\bin\Debug\MonackFr.dll" />
      <DeploymentItem filename="D:\code\MonackFr\MonackFr\MonackFr.Mvc\MonackFr.Mvc\bin\UserManagement.dll" />
      <DeploymentItem filename="C:\Program Files (x86)\Microsoft ASP.NET\ASP.NET Web Pages\v2.0\Assemblies\System.Web.WebPages.dll" />
      <DeploymentItem filename="D:\code\MonackFr\MonackFr\MonackFr.Mvc\MonackFr.Mvc\Areas\UserManagement.Tests\bin\Debug\EntityFramework.dll" />
      <DeploymentItem filename="C:\Program Files (x86)\Microsoft ASP.NET\ASP.NET Web Pages\v2.0\Assemblies\System.Web.WebPages.Razor.dll" />
      <DeploymentItem filename="C:\Program Files (x86)\Microsoft ASP.NET\ASP.NET MVC 4\Assemblies\System.Web.Mvc.dll" />
      <DeploymentItem filename="D:\code\MonackFr\MonackFr\MonackFr.Mvc\MonackFr.Mvc\bin\MonackFr.Mvc.dll" />
      <DeploymentItem filename="D:\code\MonackFr\MonackFr\MonackFr.Mvc\MonackFr.Mvc\Areas\UserManagement.Tests\bin\Debug\Newtonsoft.Json.dll" />
      <DeploymentItem filename="C:\Program Files (x86)\Microsoft ASP.NET\ASP.NET MVC 4\Assemblies\System.Web.Http.WebHost.dll" />
      <DeploymentItem filename="C:\Program Files (x86)\Microsoft ASP.NET\ASP.NET Web Pages\v2.0\Assemblies\Microsoft.Web.Infrastructure.dll" />
      <DeploymentItem filename="C:\Program Files (x86)\Microsoft ASP.NET\ASP.NET MVC 4\Assemblies\System.Net.Http.Formatting.dll" />
      <DeploymentItem filename="C:\Program Files (x86)\Microsoft ASP.NET\ASP.NET MVC 4\Assemblies\System.Net.Http.WebRequest.dll" />
    </Deployment>
    <Execution>
      <TestTypeSpecific />
      <AgentRule name="Execution Agents">
      </AgentRule>
    </Execution>
  </TestSettings>
  <Times creation="2013-03-30T23:04:43.0959130+01:00" queuing="2013-03-30T23:04:46.5545586+01:00" start="2013-03-30T23:04:46.7885590+01:00" finish="2013-03-30T23:04:49.4249637+01:00" />
  <ResultSummary outcome="Failed">
    <Counters total="17" executed="17" error="0" failed="17" timeout="0" aborted="0" inconclusive="0" passedButRunAborted="0" notRunnable="0" notExecuted="0" disconnected="0" warning="0" passed="0" completed="0" inProgress="0" pending="0" />
    <Output>
      <DebugTrace>E, 3644, 13, 2013/03/30, 23:04:48.379, WILLEM-PC\QTAgent32.exe, Unit Test Executor threw an exception. Most likely the test run was aborted by the user or the framework:System.Reflection.ReflectionTypeLoadException: Unable to load one or more of the requested types. Retrieve the LoaderExceptions property for more information.
   at System.Reflection.RuntimeModule.GetTypes(RuntimeModule module)
   at System.Reflection.RuntimeModule.GetTypes()
   at System.Reflection.Assembly.GetTypes()
   at Microsoft.VisualStudio.TestTools.TestTypes.Unit.UnitTestExecuter.GetAssemblyInfo(Assembly assembly)
   at Microsoft.VisualStudio.TestTools.TestTypes.Unit.UnitTestExecuter.GetTypeInfo(Type type, Boolean checkAlreadyExaminedType)
   at Microsoft.VisualStudio.TestTools.TestTypes.Unit.UnitTestExecuter.GetTypeInfo(Type type)
   at Microsoft.VisualStudio.TestTools.TestTypes.Unit.UnitTestExecuter.ResolveMethods()
   at Microsoft.VisualStudio.TestTools.TestTypes.Unit.UnitTestExecuter.Initialize(UnitTestResult result, UnitTestRunner runner, ConsoleOutputRedirector redirector)
E, 3644, 13, 2013/03/30, 23:04:48.395, WILLEM-PC\QTAgent32.exe, Unit Test Adapter threw exception: System.Reflection.ReflectionTypeLoadException: Unable to load one or more of the requested types. Retrieve the LoaderExceptions property for more information.
   at System.Reflection.RuntimeModule.GetTypes(RuntimeModule module)
   at System.Reflection.RuntimeModule.GetTypes()
   at System.Reflection.Assembly.GetTypes()
   at Microsoft.VisualStudio.TestTools.TestTypes.Unit.UnitTestExecuter.GetAssemblyInfo(Assembly assembly)
   at Microsoft.VisualStudio.TestTools.TestTypes.Unit.UnitTestExecuter.GetTypeInfo(Type type, Boolean checkAlreadyExaminedType)
   at Microsoft.VisualStudio.TestTools.TestTypes.Unit.UnitTestExecuter.GetTypeInfo(Type type)
   at Microsoft.VisualStudio.TestTools.TestTypes.Unit.UnitTestExecuter.ResolveMethods()
   at Microsoft.VisualStudio.TestTools.TestTypes.Unit.UnitTestExecuter.Initialize(UnitTestResult result, UnitTestRunner runner, ConsoleOutputRedirector redirector)
   at Microsoft.VisualStudio.TestTools.TestTypes.Unit.UnitTestRunner.Run(UnitTestElement test, ITestContext testContext, Boolean isLoadTest, Boolean useMultipleCpus)
E, 3644, 18, 2013/03/30, 23:04:48.442, WILLEM-PC\QTAgent32.exe, Unit Test Executor threw an exception. Most likely the test run was aborted by the user or the framework:System.Reflection.ReflectionTypeLoadException: Unable to load one or more of the requested types. Retrieve the LoaderExceptions property for more information.
   at System.Reflection.RuntimeModule.GetTypes(RuntimeModule module)
   at System.Reflection.RuntimeModule.GetTypes()
   at System.Reflection.Assembly.GetTypes()
   at Microsoft.VisualStudio.TestTools.TestTypes.Unit.UnitTestExecuter.GetAssemblyInfo(Assembly assembly)
   at Microsoft.VisualStudio.TestTools.TestTypes.Unit.UnitTestExecuter.GetTypeInfo(Type type, Boolean checkAlreadyExaminedType)
   at Microsoft.VisualStudio.TestTools.TestTypes.Unit.UnitTestExecuter.GetTypeInfo(Type type)
   at Microsoft.VisualStudio.TestTools.TestTypes.Unit.UnitTestExecuter.ResolveMethods()
   at Microsoft.VisualStudio.TestTools.TestTypes.Unit.UnitTestExecuter.Initialize(UnitTestResult result, UnitTestRunner runner, ConsoleOutputRedirector redirector)
E, 3644, 18, 2013/03/30, 23:04:48.442, WILLEM-PC\QTAgent32.exe, Unit Test Adapter threw exception: System.Reflection.ReflectionTypeLoadException: Unable to load one or more of the requested types. Retrieve the LoaderExceptions property for more information.
   at System.Reflection.RuntimeModule.GetTypes(RuntimeModule module)
   at System.Reflection.RuntimeModule.GetTypes()
   at System.Reflection.Assembly.GetTypes()
   at Microsoft.VisualStudio.TestTools.TestTypes.Unit.UnitTestExecuter.GetAssemblyInfo(Assembly assembly)
   at Microsoft.VisualStudio.TestTools.TestTypes.Unit.UnitTestExecuter.GetTypeInfo(Type type, Boolean checkAlreadyExaminedType)
   at Microsoft.VisualStudio.TestTools.TestTypes.Unit.UnitTestExecuter.GetTypeInfo(Type type)
   at Microsoft.VisualStudio.TestTools.TestTypes.Unit.UnitTestExecuter.ResolveMethods()
   at Microsoft.VisualStudio.TestTools.TestTypes.Unit.UnitTestExecuter.Initialize(UnitTestResult result, UnitTestRunner runner, ConsoleOutputRedirector redirector)
   at Microsoft.VisualStudio.TestTools.TestTypes.Unit.UnitTestRunner.Run(UnitTestElement test, ITestContext testContext, Boolean isLoadTest, Boolean useMultipleCpus)
E, 3644, 20, 2013/03/30, 23:04:48.473, WILLEM-PC\QTAgent32.exe, Unit Test Executor threw an exception. Most likely the test run was aborted by the user or the framework:System.Reflection.ReflectionTypeLoadException: Unable to load one or more of the requested types. Retrieve the LoaderExceptions property for more information.
   at System.Reflection.RuntimeModule.GetTypes(RuntimeModule module)
   at System.Reflection.RuntimeModule.GetTypes()
   at System.Reflection.Assembly.GetTypes()
   at Microsoft.VisualStudio.TestTools.TestTypes.Unit.UnitTestExecuter.GetAssemblyInfo(Assembly assembly)
   at Microsoft.VisualStudio.TestTools.TestTypes.Unit.UnitTestExecuter.GetTypeInfo(Type type, Boolean checkAlreadyExaminedType)
   at Microsoft.VisualStudio.TestTools.TestTypes.Unit.UnitTestExecuter.GetTypeInfo(Type type)
   at Microsoft.VisualStudio.TestTools.TestTypes.Unit.UnitTestExecuter.ResolveMethods()
   at Microsoft.VisualStudio.TestTools.TestTypes.Unit.UnitTestExecuter.Initialize(UnitTestResult result, UnitTestRunner runner, ConsoleOutputRedirector redirector)
E, 3644, 20, 2013/03/30, 23:04:48.473, WILLEM-PC\QTAgent32.exe, Unit Test Adapter threw exception: System.Reflection.ReflectionTypeLoadException: Unable to load one or more of the requested types. Retrieve the LoaderExceptions property for more information.
   at System.Reflection.RuntimeModule.GetTypes(RuntimeModule module)
   at System.Reflection.RuntimeModule.GetTypes()
   at System.Reflection.Assembly.GetTypes()
   at Microsoft.VisualStudio.TestTools.TestTypes.Unit.UnitTestExecuter.GetAssemblyInfo(Assembly assembly)
   at Microsoft.VisualStudio.TestTools.TestTypes.Unit.UnitTestExecuter.GetTypeInfo(Type type, Boolean checkAlreadyExaminedType)
   at Microsoft.VisualStudio.TestTools.TestTypes.Unit.UnitTestExecuter.GetTypeInfo(Type type)
   at Microsoft.VisualStudio.TestTools.TestTypes.Unit.UnitTestExecuter.ResolveMethods()
   at Microsoft.VisualStudio.TestTools.TestTypes.Unit.UnitTestExecuter.Initialize(UnitTestResult result, UnitTestRunner runner, ConsoleOutputRedirector redirector)
   at Microsoft.VisualStudio.TestTools.TestTypes.Unit.UnitTestRunner.Run(UnitTestElement test, ITestContext testContext, Boolean isLoadTest, Boolean useMultipleCpus)
E, 3644, 22, 2013/03/30, 23:04:48.488, WILLEM-PC\QTAgent32.exe, Unit Test Executor threw an exception. Most likely the test run was aborted by the user or the framework:System.Reflection.ReflectionTypeLoadException: Unable to load one or more of the requested types. Retrieve the LoaderExceptions property for more information.
   at System.Reflection.RuntimeModule.GetTypes(RuntimeModule module)
   at System.Reflection.RuntimeModule.GetTypes()
   at System.Reflection.Assembly.GetTypes()
   at Microsoft.VisualStudio.TestTools.TestTypes.Unit.UnitTestExecuter.GetAssemblyInfo(Assembly assembly)
   at Microsoft.VisualStudio.TestTools.TestTypes.Unit.UnitTestExecuter.GetTypeInfo(Type type, Boolean checkAlreadyExaminedType)
   at Microsoft.VisualStudio.TestTools.TestTypes.Unit.UnitTestExecuter.GetTypeInfo(Type type)
   at Microsoft.VisualStudio.TestTools.TestTypes.Unit.UnitTestExecuter.ResolveMethods()
   at Microsoft.VisualStudio.TestTools.TestTypes.Unit.UnitTestExecuter.Initialize(UnitTestResult result, UnitTestRunner runner, ConsoleOutputRedirector redirector)
E, 3644, 22, 2013/03/30, 23:04:48.504, WILLEM-PC\QTAgent32.exe, Unit Test Adapter threw exception: System.Reflection.ReflectionTypeLoadException: Unable to load one or more of the requested types. Retrieve the LoaderExceptions property for more information.
   at System.Reflection.RuntimeModule.GetTypes(RuntimeModule module)
   at System.Reflection.RuntimeModule.GetTypes()
   at System.Reflection.Assembly.GetTypes()
   at Microsoft.VisualStudio.TestTools.TestTypes.Unit.UnitTestExecuter.GetAssemblyInfo(Assembly assembly)
   at Microsoft.VisualStudio.TestTools.TestTypes.Unit.UnitTestExecuter.GetTypeInfo(Type type, Boolean checkAlreadyExaminedType)
   at Microsoft.VisualStudio.TestTools.TestTypes.Unit.UnitTestExecuter.GetTypeInfo(Type type)
   at Microsoft.VisualStudio.TestTools.TestTypes.Unit.UnitTestExecuter.ResolveMethods()
   at Microsoft.VisualStudio.TestTools.TestTypes.Unit.UnitTestExecuter.Initialize(UnitTestResult result, UnitTestRunner runner, ConsoleOutputRedirector redirector)
   at Microsoft.VisualStudio.TestTools.TestTypes.Unit.UnitTestRunner.Run(UnitTestElement test, ITestContext testContext, Boolean isLoadTest, Boolean useMultipleCpus)
E, 3644, 24, 2013/03/30, 23:04:48.520, WILLEM-PC\QTAgent32.exe, Unit Test Executor threw an exception. Most likely the test run was aborted by the user or the framework:System.Reflection.ReflectionTypeLoadException: Unable to load one or more of the requested types. Retrieve the LoaderExceptions property for more information.
   at System.Reflection.RuntimeModule.GetTypes(RuntimeModule module)
   at System.Reflection.RuntimeModule.GetTypes()
   at System.Reflection.Assembly.GetTypes()
   at Microsoft.VisualStudio.TestTools.TestTypes.Unit.UnitTestExecuter.GetAssemblyInfo(Assembly assembly)
   at Microsoft.VisualStudio.TestTools.TestTypes.Unit.UnitTestExecuter.GetTypeInfo(Type type, Boolean checkAlreadyExaminedType)
   at Microsoft.VisualStudio.TestTools.TestTypes.Unit.UnitTestExecuter.GetTypeInfo(Type type)
   at Microsoft.VisualStudio.TestTools.TestTypes.Unit.UnitTestExecuter.ResolveMethods()
   at Microsoft.VisualStudio.TestTools.TestTypes.Unit.UnitTestExecuter.Initialize(UnitTestResult result, UnitTestRunner runner, ConsoleOutputRedirector redirector)
E, 3644, 24, 2013/03/30, 23:04:48.520, WILLEM-PC\QTAgent32.exe, Unit Test Adapter threw exception: System.Reflection.ReflectionTypeLoadException: Unable to load one or more of the requested types. Retrieve the LoaderExceptions property for more information.
   at System.Reflection.RuntimeModule.GetTypes(RuntimeModule module)
   at System.Reflection.RuntimeModule.GetTypes()
   at System.Reflection.Assembly.GetTypes()
   at Microsoft.VisualStudio.TestTools.TestTypes.Unit.UnitTestExecuter.GetAssemblyInfo(Assembly assembly)
   at Microsoft.VisualStudio.TestTools.TestTypes.Unit.UnitTestExecuter.GetTypeInfo(Type type, Boolean checkAlreadyExaminedType)
   at Microsoft.VisualStudio.TestTools.TestTypes.Unit.UnitTestExecuter.GetTypeInfo(Type type)
   at Microsoft.VisualStudio.TestTools.TestTypes.Unit.UnitTestExecuter.ResolveMethods()
   at Microsoft.VisualStudio.TestTools.TestTypes.Unit.UnitTestExecuter.Initialize(UnitTestResult result, UnitTestRunner runner, ConsoleOutputRedirector redirector)
   at Microsoft.VisualStudio.TestTools.TestTypes.Unit.UnitTestRunner.Run(UnitTestElement test, ITestContext testContext, Boolean isLoadTest, Boolean useMultipleCpus)
E, 3644, 26, 2013/03/30, 23:04:48.551, WILLEM-PC\QTAgent32.exe, Unit Test Executor threw an exception. Most likely the test run was aborted by the user or the framework:System.Reflection.ReflectionTypeLoadException: Unable to load one or more of the requested types. Retrieve the LoaderExceptions property for more information.
   at System.Reflection.RuntimeModule.GetTypes(RuntimeModule module)
   at System.Reflection.RuntimeModule.GetTypes()
   at System.Reflection.Assembly.GetTypes()
   at Microsoft.VisualStudio.TestTools.TestTypes.Unit.UnitTestExecuter.GetAssemblyInfo(Assembly assembly)
   at Microsoft.VisualStudio.TestTools.TestTypes.Unit.UnitTestExecuter.GetTypeInfo(Type type, Boolean checkAlreadyExaminedType)
   at Microsoft.VisualStudio.TestTools.TestTypes.Unit.UnitTestExecuter.GetTypeInfo(Type type)
   at Microsoft.VisualStudio.TestTools.TestTypes.Unit.UnitTestExecuter.ResolveMethods()
   at Microsoft.VisualStudio.TestTools.TestTypes.Unit.UnitTestExecuter.Initialize(UnitTestResult result, UnitTestRunner runner, ConsoleOutputRedirector redirector)
E, 3644, 26, 2013/03/30, 23:04:48.551, WILLEM-PC\QTAgent32.exe, Unit Test Adapter threw exception: System.Reflection.ReflectionTypeLoadException: Unable to load one or more of the requested types. Retrieve the LoaderExceptions property for more information.
   at System.Reflection.RuntimeModule.GetTypes(RuntimeModule module)
   at System.Reflection.RuntimeModule.GetTypes()
   at System.Reflection.Assembly.GetTypes()
   at Microsoft.VisualStudio.TestTools.TestTypes.Unit.UnitTestExecuter.GetAssemblyInfo(Assembly assembly)
   at Microsoft.VisualStudio.TestTools.TestTypes.Unit.UnitTestExecuter.GetTypeInfo(Type type, Boolean checkAlreadyExaminedType)
   at Microsoft.VisualStudio.TestTools.TestTypes.Unit.UnitTestExecuter.GetTypeInfo(Type type)
   at Microsoft.VisualStudio.TestTools.TestTypes.Unit.UnitTestExecuter.ResolveMethods()
   at Microsoft.VisualStudio.TestTools.TestTypes.Unit.UnitTestExecuter.Initialize(UnitTestResult result, UnitTestRunner runner, ConsoleOutputRedirector redirector)
   at Microsoft.VisualStudio.TestTools.TestTypes.Unit.UnitTestRunner.Run(UnitTestElement test, ITestContext testContext, Boolean isLoadTest, Boolean useMultipleCpus)
E, 3644, 28, 2013/03/30, 23:04:48.582, WILLEM-PC\QTAgent32.exe, Unit Test Executor threw an exception. Most likely the test run was aborted by the user or the framework:System.Reflection.ReflectionTypeLoadException: Unable to load one or more of the requested types. Retrieve the LoaderExceptions property for more information.
   at System.Reflection.RuntimeModule.GetTypes(RuntimeModule module)
   at System.Reflection.RuntimeModule.GetTypes()
   at System.Reflection.Assembly.GetTypes()
   at Microsoft.VisualStudio.TestTools.TestTypes.Unit.UnitTestExecuter.GetAssemblyInfo(Assembly assembly)
   at Microsoft.VisualStudio.TestTools.TestTypes.Unit.UnitTestExecuter.GetTypeInfo(Type type, Boolean checkAlreadyExaminedType)
   at Microsoft.VisualStudio.TestTools.TestTypes.Unit.UnitTestExecuter.GetTypeInfo(Type type)
   at Microsoft.VisualStudio.TestTools.TestTypes.Unit.UnitTestExecuter.ResolveMethods()
   at Microsoft.VisualStudio.TestTools.TestTypes.Unit.UnitTestExecuter.Initialize(UnitTestResult result, UnitTestRunner runner, ConsoleOutputRedirector redirector)
E, 3644, 28, 2013/03/30, 23:04:48.582, WILLEM-PC\QTAgent32.exe, Unit Test Adapter threw exception: System.Reflection.ReflectionTypeLoadException: Unable to load one or more of the requested types. Retrieve the LoaderExceptions property for more information.
   at System.Reflection.RuntimeModule.GetTypes(RuntimeModule module)
   at System.Reflection.RuntimeModule.GetTypes()
   at System.Reflection.Assembly.GetTypes()
   at Microsoft.VisualStudio.TestTools.TestTypes.Unit.UnitTestExecuter.GetAssemblyInfo(Assembly assembly)
   at Microsoft.VisualStudio.TestTools.TestTypes.Unit.UnitTestExecuter.GetTypeInfo(Type type, Boolean checkAlreadyExaminedType)
   at Microsoft.VisualStudio.TestTools.TestTypes.Unit.UnitTestExecuter.GetTypeInfo(Type type)
   at Microsoft.VisualStudio.TestTools.TestTypes.Unit.UnitTestExecuter.ResolveMethods()
   at Microsoft.VisualStudio.TestTools.TestTypes.Unit.UnitTestExecuter.Initialize(UnitTestResult result, UnitTestRunner runner, ConsoleOutputRedirector redirector)
   at Microsoft.VisualStudio.TestTools.TestTypes.Unit.UnitTestRunner.Run(UnitTestElement test, ITestContext testContext, Boolean isLoadTest, Boolean useMultipleCpus)
E, 3644, 30, 2013/03/30, 23:04:48.613, WILLEM-PC\QTAgent32.exe, Unit Test Executor threw an exception. Most likely the test run was aborted by the user or the framework:System.Reflection.ReflectionTypeLoadException: Unable to load one or more of the requested types. Retrieve the LoaderExceptions property for more information.
   at System.Reflection.RuntimeModule.GetTypes(RuntimeModule module)
   at System.Reflection.RuntimeModule.GetTypes()
   at System.Reflection.Assembly.GetTypes()
   at Microsoft.VisualStudio.TestTools.TestTypes.Unit.UnitTestExecuter.GetAssemblyInfo(Assembly assembly)
   at Microsoft.VisualStudio.TestTools.TestTypes.Unit.UnitTestExecuter.GetTypeInfo(Type type, Boolean checkAlreadyExaminedType)
   at Microsoft.VisualStudio.TestTools.TestTypes.Unit.UnitTestExecuter.GetTypeInfo(Type type)
   at Microsoft.VisualStudio.TestTools.TestTypes.Unit.UnitTestExecuter.ResolveMethods()
   at Microsoft.VisualStudio.TestTools.TestTypes.Unit.UnitTestExecuter.Initialize(UnitTestResult result, UnitTestRunner runner, ConsoleOutputRedirector redirector)
E, 3644, 30, 2013/03/30, 23:04:48.613, WILLEM-PC\QTAgent32.exe, Unit Test Adapter threw exception: System.Reflection.ReflectionTypeLoadException: Unable to load one or more of the requested types. Retrieve the LoaderExceptions property for more information.
   at System.Reflection.RuntimeModule.GetTypes(RuntimeModule module)
   at System.Reflection.RuntimeModule.GetTypes()
   at System.Reflection.Assembly.GetTypes()
   at Microsoft.VisualStudio.TestTools.TestTypes.Unit.UnitTestExecuter.GetAssemblyInfo(Assembly assembly)
   at Microsoft.VisualStudio.TestTools.TestTypes.Unit.UnitTestExecuter.GetTypeInfo(Type type, Boolean checkAlreadyExaminedType)
   at Microsoft.VisualStudio.TestTools.TestTypes.Unit.UnitTestExecuter.GetTypeInfo(Type type)
   at Microsoft.VisualStudio.TestTools.TestTypes.Unit.UnitTestExecuter.ResolveMethods()
   at Microsoft.VisualStudio.TestTools.TestTypes.Unit.UnitTestExecuter.Initialize(UnitTestResult result, UnitTestRunner runner, ConsoleOutputRedirector redirector)
   at Microsoft.VisualStudio.TestTools.TestTypes.Unit.UnitTestRunner.Run(UnitTestElement test, ITestContext testContext, Boolean isLoadTest, Boolean useMultipleCpus)
E, 3644, 32, 2013/03/30, 23:04:48.644, WILLEM-PC\QTAgent32.exe, Unit Test Executor threw an exception. Most likely the test run was aborted by the user or the framework:System.Reflection.ReflectionTypeLoadException: Unable to load one or more of the requested types. Retrieve the LoaderExceptions property for more information.
   at System.Reflection.RuntimeModule.GetTypes(RuntimeModule module)
   at System.Reflection.RuntimeModule.GetTypes()
   at System.Reflection.Assembly.GetTypes()
   at Microsoft.VisualStudio.TestTools.TestTypes.Unit.UnitTestExecuter.GetAssemblyInfo(Assembly assembly)
   at Microsoft.VisualStudio.TestTools.TestTypes.Unit.UnitTestExecuter.GetTypeInfo(Type type, Boolean checkAlreadyExaminedType)
   at Microsoft.VisualStudio.TestTools.TestTypes.Unit.UnitTestExecuter.GetTypeInfo(Type type)
   at Microsoft.VisualStudio.TestTools.TestTypes.Unit.UnitTestExecuter.ResolveMethods()
   at Microsoft.VisualStudio.TestTools.TestTypes.Unit.UnitTestExecuter.Initialize(UnitTestResult result, UnitTestRunner runner, ConsoleOutputRedirector redirector)
E, 3644, 32, 2013/03/30, 23:04:48.660, WILLEM-PC\QTAgent32.exe, Unit Test Adapter threw exception: System.Reflection.ReflectionTypeLoadException: Unable to load one or more of the requested types. Retrieve the LoaderExceptions property for more information.
   at System.Reflection.RuntimeModule.GetTypes(RuntimeModule module)
   at System.Reflection.RuntimeModule.GetTypes()
   at System.Reflection.Assembly.GetTypes()
   at Microsoft.VisualStudio.TestTools.TestTypes.Unit.UnitTestExecuter.GetAssemblyInfo(Assembly assembly)
   at Microsoft.VisualStudio.TestTools.TestTypes.Unit.UnitTestExecuter.GetTypeInfo(Type type, Boolean checkAlreadyExaminedType)
   at Microsoft.VisualStudio.TestTools.TestTypes.Unit.UnitTestExecuter.GetTypeInfo(Type type)
   at Microsoft.VisualStudio.TestTools.TestTypes.Unit.UnitTestExecuter.ResolveMethods()
   at Microsoft.VisualStudio.TestTools.TestTypes.Unit.UnitTestExecuter.Initialize(UnitTestResult result, UnitTestRunner runner, ConsoleOutputRedirector redirector)
   at Microsoft.VisualStudio.TestTools.TestTypes.Unit.UnitTestRunner.Run(UnitTestElement test, ITestContext testContext, Boolean isLoadTest, Boolean useMultipleCpus)
E, 3644, 34, 2013/03/30, 23:04:48.691, WILLEM-PC\QTAgent32.exe, Unit Test Executor threw an exception. Most likely the test run was aborted by the user or the framework:System.Reflection.ReflectionTypeLoadException: Unable to load one or more of the requested types. Retrieve the LoaderExceptions property for more information.
   at System.Reflection.RuntimeModule.GetTypes(RuntimeModule module)
   at System.Reflection.RuntimeModule.GetTypes()
   at System.Reflection.Assembly.GetTypes()
   at Microsoft.VisualStudio.TestTools.TestTypes.Unit.UnitTestExecuter.GetAssemblyInfo(Assembly assembly)
   at Microsoft.VisualStudio.TestTools.TestTypes.Unit.UnitTestExecuter.GetTypeInfo(Type type, Boolean checkAlreadyExaminedType)
   at Microsoft.VisualStudio.TestTools.TestTypes.Unit.UnitTestExecuter.GetTypeInfo(Type type)
   at Microsoft.VisualStudio.TestTools.TestTypes.Unit.UnitTestExecuter.ResolveMethods()
   at Microsoft.VisualStudio.TestTools.TestTypes.Unit.UnitTestExecuter.Initialize(UnitTestResult result, UnitTestRunner runner, ConsoleOutputRedirector redirector)
E, 3644, 34, 2013/03/30, 23:04:48.691, WILLEM-PC\QTAgent32.exe, Unit Test Adapter threw exception: System.Reflection.ReflectionTypeLoadException: Unable to load one or more of the requested types. Retrieve the LoaderExceptions property for more information.
   at System.Reflection.RuntimeModule.GetTypes(RuntimeModule module)
   at System.Reflection.RuntimeModule.GetTypes()
   at System.Reflection.Assembly.GetTypes()
   at Microsoft.VisualStudio.TestTools.TestTypes.Unit.UnitTestExecuter.GetAssemblyInfo(Assembly assembly)
   at Microsoft.VisualStudio.TestTools.TestTypes.Unit.UnitTestExecuter.GetTypeInfo(Type type, Boolean checkAlreadyExaminedType)
   at Microsoft.VisualStudio.TestTools.TestTypes.Unit.UnitTestExecuter.GetTypeInfo(Type type)
   at Microsoft.VisualStudio.TestTools.TestTypes.Unit.UnitTestExecuter.ResolveMethods()
   at Microsoft.VisualStudio.TestTools.TestTypes.Unit.UnitTestExecuter.Initialize(UnitTestResult result, UnitTestRunner runner, ConsoleOutputRedirector redirector)
   at Microsoft.VisualStudio.TestTools.TestTypes.Unit.UnitTestRunner.Run(UnitTestElement test, ITestContext testContext, Boolean isLoadTest, Boolean useMultipleCpus)
E, 3644, 36, 2013/03/30, 23:04:48.722, WILLEM-PC\QTAgent32.exe, Unit Test Executor threw an exception. Most likely the test run was aborted by the user or the framework:System.Reflection.ReflectionTypeLoadException: Unable to load one or more of the requested types. Retrieve the LoaderExceptions property for more information.
   at System.Reflection.RuntimeModule.GetTypes(RuntimeModule module)
   at System.Reflection.RuntimeModule.GetTypes()
   at System.Reflection.Assembly.GetTypes()
   at Microsoft.VisualStudio.TestTools.TestTypes.Unit.UnitTestExecuter.GetAssemblyInfo(Assembly assembly)
   at Microsoft.VisualStudio.TestTools.TestTypes.Unit.UnitTestExecuter.GetTypeInfo(Type type, Boolean checkAlreadyExaminedType)
   at Microsoft.VisualStudio.TestTools.TestTypes.Unit.UnitTestExecuter.GetTypeInfo(Type type)
   at Microsoft.VisualStudio.TestTools.TestTypes.Unit.UnitTestExecuter.ResolveMethods()
   at Microsoft.VisualStudio.TestTools.TestTypes.Unit.UnitTestExecuter.Initialize(UnitTestResult result, UnitTestRunner runner, ConsoleOutputRedirector redirector)
E, 3644, 36, 2013/03/30, 23:04:48.738, WILLEM-PC\QTAgent32.exe, Unit Test Adapter threw exception: System.Reflection.ReflectionTypeLoadException: Unable to load one or more of the requested types. Retrieve the LoaderExceptions property for more information.
   at System.Reflection.RuntimeModule.GetTypes(RuntimeModule module)
   at System.Reflection.RuntimeModule.GetTypes()
   at System.Reflection.Assembly.GetTypes()
   at Microsoft.VisualStudio.TestTools.TestTypes.Unit.UnitTestExecuter.GetAssemblyInfo(Assembly assembly)
   at Microsoft.VisualStudio.TestTools.TestTypes.Unit.UnitTestExecuter.GetTypeInfo(Type type, Boolean checkAlreadyExaminedType)
   at Microsoft.VisualStudio.TestTools.TestTypes.Unit.UnitTestExecuter.GetTypeInfo(Type type)
   at Microsoft.VisualStudio.TestTools.TestTypes.Unit.UnitTestExecuter.ResolveMethods()
   at Microsoft.VisualStudio.TestTools.TestTypes.Unit.UnitTestExecuter.Initialize(UnitTestResult result, UnitTestRunner runner, ConsoleOutputRedirector redirector)
   at Microsoft.VisualStudio.TestTools.TestTypes.Unit.UnitTestRunner.Run(UnitTestElement test, ITestContext testContext, Boolean isLoadTest, Boolean useMultipleCpus)
E, 3644, 41, 2013/03/30, 23:04:49.081, WILLEM-PC\QTAgent32.exe, Unit Test Executor threw an exception. Most likely the test run was aborted by the user or the framework:System.Reflection.ReflectionTypeLoadException: Unable to load one or more of the requested types. Retrieve the LoaderExceptions property for more information.
   at System.Reflection.RuntimeModule.GetTypes(RuntimeModule module)
   at System.Reflection.RuntimeModule.GetTypes()
   at System.Reflection.Assembly.GetTypes()
   at Microsoft.VisualStudio.TestTools.TestTypes.Unit.UnitTestExecuter.GetAssemblyInfo(Assembly assembly)
   at Microsoft.VisualStudio.TestTools.TestTypes.Unit.UnitTestExecuter.GetTypeInfo(Type type, Boolean checkAlreadyExaminedType)
   at Microsoft.VisualStudio.TestTools.TestTypes.Unit.UnitTestExecuter.GetTypeInfo(Type type)
   at Microsoft.VisualStudio.TestTools.TestTypes.Unit.UnitTestExecuter.ResolveMethods()
   at Microsoft.VisualStudio.TestTools.TestTypes.Unit.UnitTestExecuter.Initialize(UnitTestResult result, UnitTestRunner runner, ConsoleOutputRedirector redirector)
E, 3644, 41, 2013/03/30, 23:04:49.097, WILLEM-PC\QTAgent32.exe, Unit Test Adapter threw exception: System.Reflection.ReflectionTypeLoadException: Unable to load one or more of the requested types. Retrieve the LoaderExceptions property for more information.
   at System.Reflection.RuntimeModule.GetTypes(RuntimeModule module)
   at System.Reflection.RuntimeModule.GetTypes()
   at System.Reflection.Assembly.GetTypes()
   at Microsoft.VisualStudio.TestTools.TestTypes.Unit.UnitTestExecuter.GetAssemblyInfo(Assembly assembly)
   at Microsoft.VisualStudio.TestTools.TestTypes.Unit.UnitTestExecuter.GetTypeInfo(Type type, Boolean checkAlreadyExaminedType)
   at Microsoft.VisualStudio.TestTools.TestTypes.Unit.UnitTestExecuter.GetTypeInfo(Type type)
   at Microsoft.VisualStudio.TestTools.TestTypes.Unit.UnitTestExecuter.ResolveMethods()
   at Microsoft.VisualStudio.TestTools.TestTypes.Unit.UnitTestExecuter.Initialize(UnitTestResult result, UnitTestRunner runner, ConsoleOutputRedirector redirector)
   at Microsoft.VisualStudio.TestTools.TestTypes.Unit.UnitTestRunner.Run(UnitTestElement test, ITestContext testContext, Boolean isLoadTest, Boolean useMultipleCpus)
E, 3644, 43, 2013/03/30, 23:04:49.128, WILLEM-PC\QTAgent32.exe, Unit Test Executor threw an exception. Most likely the test run was aborted by the user or the framework:System.Reflection.ReflectionTypeLoadException: Unable to load one or more of the requested types. Retrieve the LoaderExceptions property for more information.
   at System.Reflection.RuntimeModule.GetTypes(RuntimeModule module)
   at System.Reflection.RuntimeModule.GetTypes()
   at System.Reflection.Assembly.GetTypes()
   at Microsoft.VisualStudio.TestTools.TestTypes.Unit.UnitTestExecuter.GetAssemblyInfo(Assembly assembly)
   at Microsoft.VisualStudio.TestTools.TestTypes.Unit.UnitTestExecuter.GetTypeInfo(Type type, Boolean checkAlreadyExaminedType)
   at Microsoft.VisualStudio.TestTools.TestTypes.Unit.UnitTestExecuter.GetTypeInfo(Type type)
   at Microsoft.VisualStudio.TestTools.TestTypes.Unit.UnitTestExecuter.ResolveMethods()
   at Microsoft.VisualStudio.TestTools.TestTypes.Unit.UnitTestExecuter.Initialize(UnitTestResult result, UnitTestRunner runner, ConsoleOutputRedirector redirector)
E, 3644, 43, 2013/03/30, 23:04:49.128, WILLEM-PC\QTAgent32.exe, Unit Test Adapter threw exception: System.Reflection.ReflectionTypeLoadException: Unable to load one or more of the requested types. Retrieve the LoaderExceptions property for more information.
   at System.Reflection.RuntimeModule.GetTypes(RuntimeModule module)
   at System.Reflection.RuntimeModule.GetTypes()
   at System.Reflection.Assembly.GetTypes()
   at Microsoft.VisualStudio.TestTools.TestTypes.Unit.UnitTestExecuter.GetAssemblyInfo(Assembly assembly)
   at Microsoft.VisualStudio.TestTools.TestTypes.Unit.UnitTestExecuter.GetTypeInfo(Type type, Boolean checkAlreadyExaminedType)
   at Microsoft.VisualStudio.TestTools.TestTypes.Unit.UnitTestExecuter.GetTypeInfo(Type type)
   at Microsoft.VisualStudio.TestTools.TestTypes.Unit.UnitTestExecuter.ResolveMethods()
   at Microsoft.VisualStudio.TestTools.TestTypes.Unit.UnitTestExecuter.Initialize(UnitTestResult result, UnitTestRunner runner, ConsoleOutputRedirector redirector)
   at Microsoft.VisualStudio.TestTools.TestTypes.Unit.UnitTestRunner.Run(UnitTestElement test, ITestContext testContext, Boolean isLoadTest, Boolean useMultipleCpus)
E, 3644, 45, 2013/03/30, 23:04:49.159, WILLEM-PC\QTAgent32.exe, Unit Test Executor threw an exception. Most likely the test run was aborted by the user or the framework:System.Reflection.ReflectionTypeLoadException: Unable to load one or more of the requested types. Retrieve the LoaderExceptions property for more information.
   at System.Reflection.RuntimeModule.GetTypes(RuntimeModule module)
   at System.Reflection.RuntimeModule.GetTypes()
   at System.Reflection.Assembly.GetTypes()
   at Microsoft.VisualStudio.TestTools.TestTypes.Unit.UnitTestExecuter.GetAssemblyInfo(Assembly assembly)
   at Microsoft.VisualStudio.TestTools.TestTypes.Unit.UnitTestExecuter.GetTypeInfo(Type type, Boolean checkAlreadyExaminedType)
   at Microsoft.VisualStudio.TestTools.TestTypes.Unit.UnitTestExecuter.GetTypeInfo(Type type)
   at Microsoft.VisualStudio.TestTools.TestTypes.Unit.UnitTestExecuter.ResolveMethods()
   at Microsoft.VisualStudio.TestTools.TestTypes.Unit.UnitTestExecuter.Initialize(UnitTestResult result, UnitTestRunner runner, ConsoleOutputRedirector redirector)
E, 3644, 45, 2013/03/30, 23:04:49.175, WILLEM-PC\QTAgent32.exe, Unit Test Adapter threw exception: System.Reflection.ReflectionTypeLoadException: Unable to load one or more of the requested types. Retrieve the LoaderExceptions property for more information.
   at System.Reflection.RuntimeModule.GetTypes(RuntimeModule module)
   at System.Reflection.RuntimeModule.GetTypes()
   at System.Reflection.Assembly.GetTypes()
   at Microsoft.VisualStudio.TestTools.TestTypes.Unit.UnitTestExecuter.GetAssemblyInfo(Assembly assembly)
   at Microsoft.VisualStudio.TestTools.TestTypes.Unit.UnitTestExecuter.GetTypeInfo(Type type, Boolean checkAlreadyExaminedType)
   at Microsoft.VisualStudio.TestTools.TestTypes.Unit.UnitTestExecuter.GetTypeInfo(Type type)
   at Microsoft.VisualStudio.TestTools.TestTypes.Unit.UnitTestExecuter.ResolveMethods()
   at Microsoft.VisualStudio.TestTools.TestTypes.Unit.UnitTestExecuter.Initialize(UnitTestResult result, UnitTestRunner runner, ConsoleOutputRedirector redirector)
   at Microsoft.VisualStudio.TestTools.TestTypes.Unit.UnitTestRunner.Run(UnitTestElement test, ITestContext testContext, Boolean isLoadTest, Boolean useMultipleCpus)
E, 3644, 47, 2013/03/30, 23:04:49.206, WILLEM-PC\QTAgent32.exe, Unit Test Executor threw an exception. Most likely the test run was aborted by the user or the framework:System.Reflection.ReflectionTypeLoadException: Unable to load one or more of the requested types. Retrieve the LoaderExceptions property for more information.
   at System.Reflection.RuntimeModule.GetTypes(RuntimeModule module)
   at System.Reflection.RuntimeModule.GetTypes()
   at System.Reflection.Assembly.GetTypes()
   at Microsoft.VisualStudio.TestTools.TestTypes.Unit.UnitTestExecuter.GetAssemblyInfo(Assembly assembly)
   at Microsoft.VisualStudio.TestTools.TestTypes.Unit.UnitTestExecuter.GetTypeInfo(Type type, Boolean checkAlreadyExaminedType)
   at Microsoft.VisualStudio.TestTools.TestTypes.Unit.UnitTestExecuter.GetTypeInfo(Type type)
   at Microsoft.VisualStudio.TestTools.TestTypes.Unit.UnitTestExecuter.ResolveMethods()
   at Microsoft.VisualStudio.TestTools.TestTypes.Unit.UnitTestExecuter.Initialize(UnitTestResult result, UnitTestRunner runner, ConsoleOutputRedirector redirector)
E, 3644, 47, 2013/03/30, 23:04:49.206, WILLEM-PC\QTAgent32.exe, Unit Test Adapter threw exception: System.Reflection.ReflectionTypeLoadException: Unable to load one or more of the requested types. Retrieve the LoaderExceptions property for more information.
   at System.Reflection.RuntimeModule.GetTypes(RuntimeModule module)
   at System.Reflection.RuntimeModule.GetTypes()
   at System.Reflection.Assembly.GetTypes()
   at Microsoft.VisualStudio.TestTools.TestTypes.Unit.UnitTestExecuter.GetAssemblyInfo(Assembly assembly)
   at Microsoft.VisualStudio.TestTools.TestTypes.Unit.UnitTestExecuter.GetTypeInfo(Type type, Boolean checkAlreadyExaminedType)
   at Microsoft.VisualStudio.TestTools.TestTypes.Unit.UnitTestExecuter.GetTypeInfo(Type type)
   at Microsoft.VisualStudio.TestTools.TestTypes.Unit.UnitTestExecuter.ResolveMethods()
   at Microsoft.VisualStudio.TestTools.TestTypes.Unit.UnitTestExecuter.Initialize(UnitTestResult result, UnitTestRunner runner, ConsoleOutputRedirector redirector)
   at Microsoft.VisualStudio.TestTools.TestTypes.Unit.UnitTestRunner.Run(UnitTestElement test, ITestContext testContext, Boolean isLoadTest, Boolean useMultipleCpus)
</DebugTrace>
    </Output>
    <RunInfos>
      <RunInfo computerName="WILLEM-PC" outcome="Warning" timestamp="2013-03-30T23:04:44.2613546+01:00">
        <Text>Warning: conflict during test run deployment: deployment item 'd:\code\monackfr\monackfr\monackfr.mvc\monackfr.mvc\areas\usermanagement.tests\bin\debug\UserManagement.dll' directly or indirectly referenced by the test container 'd:\code\monackfr\monackfr\monackfr.mvc\monackfr.mvc\areas\usermanagement.tests\bin\debug\usermanagement.tests.dll' cannot be deployed to 'UserManagement.dll' because otherwise the file 'd:\code\monackfr\monackfr\monackfr.mvc\monackfr.mvc\areas\usermanagement.tests\bin\debug\UserManagement.dll' would overwrite deployment item 'D:\code\MonackFr\MonackFr\MonackFr.Mvc\MonackFr.Mvc\bin\UserManagement.dll' directly or indirectly referenced by D:\code\MonackFr\MonackFr\MonackFr.Mvc\MonackFr.Mvc\Areas\UserManagement.Tests\bin\Debug\UserManagement.Tests.dll.</Text>
      </RunInfo>
      <RunInfo computerName="WILLEM-PC" outcome="Warning" timestamp="2013-03-30T23:04:44.2613546+01:00">
        <Text>Warning: conflict during test run deployment: deployment item 'd:\code\monackfr\monackfr\monackfr.mvc\monackfr.mvc\areas\usermanagement.tests\bin\debug\MonackFr.Mvc.dll' directly or indirectly referenced by the test container 'd:\code\monackfr\monackfr\monackfr.mvc\monackfr.mvc\areas\usermanagement.tests\bin\debug\usermanagement.tests.dll' cannot be deployed to 'MonackFr.Mvc.dll' because otherwise the file 'd:\code\monackfr\monackfr\monackfr.mvc\monackfr.mvc\areas\usermanagement.tests\bin\debug\MonackFr.Mvc.dll' would overwrite deployment item 'D:\code\MonackFr\MonackFr\MonackFr.Mvc\MonackFr.Mvc\bin\MonackFr.Mvc.dll' directly or indirectly referenced by D:\code\MonackFr\MonackFr\MonackFr.Mvc\MonackFr.Mvc\Areas\UserManagement.Tests\bin\Debug\UserManagement.Tests.dll.</Text>
      </RunInfo>
      <RunInfo computerName="WILLEM-PC" outcome="Warning" timestamp="2013-03-30T23:04:44.2613546+01:00">
        <Text>Warning: conflict during test run deployment: deployment item 'd:\code\monackfr\monackfr\monackfr.mvc\monackfr.mvc\areas\usermanagement.tests\bin\debug\MonackFr.dll' directly or indirectly referenced by the test container 'd:\code\monackfr\monackfr\monackfr.mvc\monackfr.mvc\areas\usermanagement.tests\bin\debug\usermanagement.tests.dll' cannot be deployed to 'MonackFr.dll' because otherwise the file 'd:\code\monackfr\monackfr\monackfr.mvc\monackfr.mvc\areas\usermanagement.tests\bin\debug\MonackFr.dll' would overwrite deployment item 'D:\code\MonackFr\MonackFr\MonackFr.Library\bin\Debug\MonackFr.dll' directly or indirectly referenced by D:\code\MonackFr\MonackFr\MonackFr.Mvc\MonackFr.Mvc\Areas\UserManagement.Tests\bin\Debug\UserManagement.Tests.dll.</Text>
      </RunInfo>
    </RunInfos>
  </ResultSummary>
  <TestDefinitions>
    <UnitTest name="DeleteTest" storage="d:\code\monackfr\monackfr\monackfr.mvc\monackfr.mvc\areas\usermanagement.tests\bin\debug\usermanagement.tests.dll" id="59df5c91-5b96-158d-5c2f-3fae64b479ff">
      <Execution id="3b8b13c6-0c17-481b-ac17-6e8ba3638fb8" />
      <TestMethod codeBase="D:/code/MonackFr/MonackFr/MonackFr.Mvc/MonackFr.Mvc/Areas/UserManagement.Tests/bin/Debug/UserManagement.Tests.DLL" adapterTypeName="Microsoft.VisualStudio.TestTools.TestTypes.Unit.UnitTestAdapter, Microsoft.VisualStudio.QualityTools.Tips.UnitTest.Adapter, Version=10.0.0.0, Culture=neutral, PublicKeyToken=b03f5f7f11d50a3a" className="MonackFr.Mvc.Areas.UserManagement.Tests.RoleControllerTest, UserManagement.Tests, Version=1.0.0.0, Culture=neutral, PublicKeyToken=null" name="DeleteTest" />
      <AspNet webSiteUrl="http://mvc/test3" />
    </UnitTest>
    <UnitTest name="UserLoginTest" storage="d:\code\monackfr\monackfr\monackfr.mvc\monackfr.mvc\areas\usermanagement.tests\bin\debug\usermanagement.tests.dll" id="070a1889-8ea7-06cd-2ab2-65373eb035fd">
      <Execution id="f6f238c5-636a-453b-8128-ae1cf4729d2e" />
      <TestMethod codeBase="D:/code/MonackFr/MonackFr/MonackFr.Mvc/MonackFr.Mvc/Areas/UserManagement.Tests/bin/Debug/UserManagement.Tests.DLL" adapterTypeName="Microsoft.VisualStudio.TestTools.TestTypes.Unit.UnitTestAdapter, Microsoft.VisualStudio.QualityTools.Tips.UnitTest.Adapter, Version=10.0.0.0, Culture=neutral, PublicKeyToken=b03f5f7f11d50a3a" className="MonackFr.Mvc.Areas.UserManagement.Tests.UserControllerTest, UserManagement.Tests, Version=1.0.0.0, Culture=neutral, PublicKeyToken=null" name="UserLoginTest" />
    </UnitTest>
    <UnitTest name="RoleViewIndexTest" storage="d:\code\monackfr\monackfr\monackfr.mvc\monackfr.mvc\areas\usermanagement.tests\bin\debug\usermanagement.tests.dll" id="f3cb49de-26ac-f68d-93ed-fdf9c818252d">
      <Execution id="71ce95a7-9ae1-4303-8df4-0d6e8f3612d5" />
      <TestMethod codeBase="D:/code/MonackFr/MonackFr/MonackFr.Mvc/MonackFr.Mvc/Areas/UserManagement.Tests/bin/Debug/UserManagement.Tests.DLL" adapterTypeName="Microsoft.VisualStudio.TestTools.TestTypes.Unit.UnitTestAdapter, Microsoft.VisualStudio.QualityTools.Tips.UnitTest.Adapter, Version=10.0.0.0, Culture=neutral, PublicKeyToken=b03f5f7f11d50a3a" className="MonackFr.Mvc.Areas.UserManagement.Tests.RoleControllerTest, UserManagement.Tests, Version=1.0.0.0, Culture=neutral, PublicKeyToken=null" name="RoleViewIndexTest" />
    </UnitTest>
    <UnitTest name="UserViewLoginTest" storage="d:\code\monackfr\monackfr\monackfr.mvc\monackfr.mvc\areas\usermanagement.tests\bin\debug\usermanagement.tests.dll" id="12d02056-2321-0564-00d6-da78e4c7e5f3">
      <Execution id="0a92235e-b71c-4d63-82a1-ef6fa3eb7db8" />
      <TestMethod codeBase="D:/code/MonackFr/MonackFr/MonackFr.Mvc/MonackFr.Mvc/Areas/UserManagement.Tests/bin/Debug/UserManagement.Tests.DLL" adapterTypeName="Microsoft.VisualStudio.TestTools.TestTypes.Unit.UnitTestAdapter, Microsoft.VisualStudio.QualityTools.Tips.UnitTest.Adapter, Version=10.0.0.0, Culture=neutral, PublicKeyToken=b03f5f7f11d50a3a" className="MonackFr.Mvc.Areas.UserManagement.Tests.UserControllerTest, UserManagement.Tests, Version=1.0.0.0, Culture=neutral, PublicKeyToken=null" name="UserViewLoginTest" />
    </UnitTest>
    <UnitTest name="UserDetailsTest" storage="d:\code\monackfr\monackfr\monackfr.mvc\monackfr.mvc\areas\usermanagement.tests\bin\debug\usermanagement.tests.dll" id="e08ad432-739d-1b2e-f91a-caa9f450f7cb">
      <Execution id="f973a64d-5bab-4a61-a2c3-2d1612459349" />
      <TestMethod codeBase="D:/code/MonackFr/MonackFr/MonackFr.Mvc/MonackFr.Mvc/Areas/UserManagement.Tests/bin/Debug/UserManagement.Tests.DLL" adapterTypeName="Microsoft.VisualStudio.TestTools.TestTypes.Unit.UnitTestAdapter, Microsoft.VisualStudio.QualityTools.Tips.UnitTest.Adapter, Version=10.0.0.0, Culture=neutral, PublicKeyToken=b03f5f7f11d50a3a" className="MonackFr.Mvc.Areas.UserManagement.Tests.UserControllerTest, UserManagement.Tests, Version=1.0.0.0, Culture=neutral, PublicKeyToken=null" name="UserDetailsTest" />
    </UnitTest>
    <UnitTest name="RoleViewCreateTest" storage="d:\code\monackfr\monackfr\monackfr.mvc\monackfr.mvc\areas\usermanagement.tests\bin\debug\usermanagement.tests.dll" id="bf368af5-d12a-81f9-7565-bf4d441723be">
      <Execution id="c914368c-f0f7-4cee-a7a1-919bde79e1e3" />
      <TestMethod codeBase="D:/code/MonackFr/MonackFr/MonackFr.Mvc/MonackFr.Mvc/Areas/UserManagement.Tests/bin/Debug/UserManagement.Tests.DLL" adapterTypeName="Microsoft.VisualStudio.TestTools.TestTypes.Unit.UnitTestAdapter, Microsoft.VisualStudio.QualityTools.Tips.UnitTest.Adapter, Version=10.0.0.0, Culture=neutral, PublicKeyToken=b03f5f7f11d50a3a" className="MonackFr.Mvc.Areas.UserManagement.Tests.RoleControllerTest, UserManagement.Tests, Version=1.0.0.0, Culture=neutral, PublicKeyToken=null" name="RoleViewCreateTest" />
    </UnitTest>
    <UnitTest name="UserViewCreateTest" storage="d:\code\monackfr\monackfr\monackfr.mvc\monackfr.mvc\areas\usermanagement.tests\bin\debug\usermanagement.tests.dll" id="ef9fba92-e647-2b8b-0276-4069d00074e7">
      <Execution id="026e4954-f618-4083-95b1-6fe310b16188" />
      <TestMethod codeBase="D:/code/MonackFr/MonackFr/MonackFr.Mvc/MonackFr.Mvc/Areas/UserManagement.Tests/bin/Debug/UserManagement.Tests.DLL" adapterTypeName="Microsoft.VisualStudio.TestTools.TestTypes.Unit.UnitTestAdapter, Microsoft.VisualStudio.QualityTools.Tips.UnitTest.Adapter, Version=10.0.0.0, Culture=neutral, PublicKeyToken=b03f5f7f11d50a3a" className="MonackFr.Mvc.Areas.UserManagement.Tests.UserControllerTest, UserManagement.Tests, Version=1.0.0.0, Culture=neutral, PublicKeyToken=null" name="UserViewCreateTest" />
    </UnitTest>
    <UnitTest name="UserCreateTest" storage="d:\code\monackfr\monackfr\monackfr.mvc\monackfr.mvc\areas\usermanagement.tests\bin\debug\usermanagement.tests.dll" id="8f8eb222-85c9-f7ac-03ad-ca3aed0f0a41">
      <Execution id="decd5393-75fc-4feb-8a08-25aa4b913310" />
      <TestMethod codeBase="D:/code/MonackFr/MonackFr/MonackFr.Mvc/MonackFr.Mvc/Areas/UserManagement.Tests/bin/Debug/UserManagement.Tests.DLL" adapterTypeName="Microsoft.VisualStudio.TestTools.TestTypes.Unit.UnitTestAdapter, Microsoft.VisualStudio.QualityTools.Tips.UnitTest.Adapter, Version=10.0.0.0, Culture=neutral, PublicKeyToken=b03f5f7f11d50a3a" className="MonackFr.Mvc.Areas.UserManagement.Tests.UserControllerTest, UserManagement.Tests, Version=1.0.0.0, Culture=neutral, PublicKeyToken=null" name="UserCreateTest" />
    </UnitTest>
    <UnitTest name="UserEditTest" storage="d:\code\monackfr\monackfr\monackfr.mvc\monackfr.mvc\areas\usermanagement.tests\bin\debug\usermanagement.tests.dll" id="00267992-6885-a3ac-6132-31d3cbee82bf">
      <Execution id="14924ef5-e7d5-4e84-9295-6eecb725fd9d" />
      <TestMethod codeBase="D:/code/MonackFr/MonackFr/MonackFr.Mvc/MonackFr.Mvc/Areas/UserManagement.Tests/bin/Debug/UserManagement.Tests.DLL" adapterTypeName="Microsoft.VisualStudio.TestTools.TestTypes.Unit.UnitTestAdapter, Microsoft.VisualStudio.QualityTools.Tips.UnitTest.Adapter, Version=10.0.0.0, Culture=neutral, PublicKeyToken=b03f5f7f11d50a3a" className="MonackFr.Mvc.Areas.UserManagement.Tests.UserControllerTest, UserManagement.Tests, Version=1.0.0.0, Culture=neutral, PublicKeyToken=null" name="UserEditTest" />
    </UnitTest>
    <UnitTest name="RoleViewEditTest" storage="d:\code\monackfr\monackfr\monackfr.mvc\monackfr.mvc\areas\usermanagement.tests\bin\debug\usermanagement.tests.dll" id="17c70e26-185c-03e5-196e-c842b0338bff">
      <Execution id="bf7cf2ee-6abc-495c-ac35-27a5bc118adc" />
      <TestMethod codeBase="D:/code/MonackFr/MonackFr/MonackFr.Mvc/MonackFr.Mvc/Areas/UserManagement.Tests/bin/Debug/UserManagement.Tests.DLL" adapterTypeName="Microsoft.VisualStudio.TestTools.TestTypes.Unit.UnitTestAdapter, Microsoft.VisualStudio.QualityTools.Tips.UnitTest.Adapter, Version=10.0.0.0, Culture=neutral, PublicKeyToken=b03f5f7f11d50a3a" className="MonackFr.Mvc.Areas.UserManagement.Tests.RoleControllerTest, UserManagement.Tests, Version=1.0.0.0, Culture=neutral, PublicKeyToken=null" name="RoleViewEditTest" />
    </UnitTest>
    <UnitTest name="DetailsTest" storage="d:\code\monackfr\monackfr\monackfr.mvc\monackfr.mvc\areas\usermanagement.tests\bin\debug\usermanagement.tests.dll" id="e3c0688c-2f97-ed5e-7815-34b7bc68f621">
      <Execution id="312ec55e-ee0a-448c-9189-385a13db0321" />
      <TestMethod codeBase="D:/code/MonackFr/MonackFr/MonackFr.Mvc/MonackFr.Mvc/Areas/UserManagement.Tests/bin/Debug/UserManagement.Tests.DLL" adapterTypeName="Microsoft.VisualStudio.TestTools.TestTypes.Unit.UnitTestAdapter, Microsoft.VisualStudio.QualityTools.Tips.UnitTest.Adapter, Version=10.0.0.0, Culture=neutral, PublicKeyToken=b03f5f7f11d50a3a" className="MonackFr.Mvc.Areas.UserManagement.Tests.RoleControllerTest, UserManagement.Tests, Version=1.0.0.0, Culture=neutral, PublicKeyToken=null" name="DetailsTest" />
      <AspNet webSiteUrl="http://mvc/test3" />
    </UnitTest>
    <UnitTest name="RoleEditTest" storage="d:\code\monackfr\monackfr\monackfr.mvc\monackfr.mvc\areas\usermanagement.tests\bin\debug\usermanagement.tests.dll" id="7c4f1a59-92ba-9aca-9e04-ed2e606f66c7">
      <Execution id="e2d7d840-52eb-4b7e-a0ad-4cac3d93fd01" />
      <TestMethod codeBase="D:/code/MonackFr/MonackFr/MonackFr.Mvc/MonackFr.Mvc/Areas/UserManagement.Tests/bin/Debug/UserManagement.Tests.DLL" adapterTypeName="Microsoft.VisualStudio.TestTools.TestTypes.Unit.UnitTestAdapter, Microsoft.VisualStudio.QualityTools.Tips.UnitTest.Adapter, Version=10.0.0.0, Culture=neutral, PublicKeyToken=b03f5f7f11d50a3a" className="MonackFr.Mvc.Areas.UserManagement.Tests.RoleControllerTest, UserManagement.Tests, Version=1.0.0.0, Culture=neutral, PublicKeyToken=null" name="RoleEditTest" />
    </UnitTest>
    <UnitTest name="UserDeleteTest" storage="d:\code\monackfr\monackfr\monackfr.mvc\monackfr.mvc\areas\usermanagement.tests\bin\debug\usermanagement.tests.dll" id="8e11e5c2-6ee6-6c7f-ab88-445603b773f0">
      <Execution id="b846ac40-c498-4a3c-9c91-fb6efac0a726" />
      <TestMethod codeBase="D:/code/MonackFr/MonackFr/MonackFr.Mvc/MonackFr.Mvc/Areas/UserManagement.Tests/bin/Debug/UserManagement.Tests.DLL" adapterTypeName="Microsoft.VisualStudio.TestTools.TestTypes.Unit.UnitTestAdapter, Microsoft.VisualStudio.QualityTools.Tips.UnitTest.Adapter, Version=10.0.0.0, Culture=neutral, PublicKeyToken=b03f5f7f11d50a3a" className="MonackFr.Mvc.Areas.UserManagement.Tests.UserControllerTest, UserManagement.Tests, Version=1.0.0.0, Culture=neutral, PublicKeyToken=null" name="UserDeleteTest" />
    </UnitTest>
    <UnitTest name="UserViewEditTest" storage="d:\code\monackfr\monackfr\monackfr.mvc\monackfr.mvc\areas\usermanagement.tests\bin\debug\usermanagement.tests.dll" id="e256cfce-9c5e-23cc-40a6-afd755f033ce">
      <Execution id="df5d0c94-dba9-4989-aac0-d7b1813c7161" />
      <TestMethod codeBase="D:/code/MonackFr/MonackFr/MonackFr.Mvc/MonackFr.Mvc/Areas/UserManagement.Tests/bin/Debug/UserManagement.Tests.DLL" adapterTypeName="Microsoft.VisualStudio.TestTools.TestTypes.Unit.UnitTestAdapter, Microsoft.VisualStudio.QualityTools.Tips.UnitTest.Adapter, Version=10.0.0.0, Culture=neutral, PublicKeyToken=b03f5f7f11d50a3a" className="MonackFr.Mvc.Areas.UserManagement.Tests.UserControllerTest, UserManagement.Tests, Version=1.0.0.0, Culture=neutral, PublicKeyToken=null" name="UserViewEditTest" />
    </UnitTest>
    <UnitTest name="RoleCreateTest" storage="d:\code\monackfr\monackfr\monackfr.mvc\monackfr.mvc\areas\usermanagement.tests\bin\debug\usermanagement.tests.dll" id="d6d32a9d-7bfb-4b24-077c-6462f35be74d">
      <Execution id="263291df-0788-4391-a5c6-c93ab387fb99" />
      <TestMethod codeBase="D:/code/MonackFr/MonackFr/MonackFr.Mvc/MonackFr.Mvc/Areas/UserManagement.Tests/bin/Debug/UserManagement.Tests.DLL" adapterTypeName="Microsoft.VisualStudio.TestTools.TestTypes.Unit.UnitTestAdapter, Microsoft.VisualStudio.QualityTools.Tips.UnitTest.Adapter, Version=10.0.0.0, Culture=neutral, PublicKeyToken=b03f5f7f11d50a3a" className="MonackFr.Mvc.Areas.UserManagement.Tests.RoleControllerTest, UserManagement.Tests, Version=1.0.0.0, Culture=neutral, PublicKeyToken=null" name="RoleCreateTest" />
    </UnitTest>
    <UnitTest name="UserIndexTest" storage="d:\code\monackfr\monackfr\monackfr.mvc\monackfr.mvc\areas\usermanagement.tests\bin\debug\usermanagement.tests.dll" id="f30632f4-ac48-c657-e69a-c38e1ba5f63d">
      <Execution id="b57814ee-12b7-4fdd-97d8-3d05315ab20c" />
      <TestMethod codeBase="D:/code/MonackFr/MonackFr/MonackFr.Mvc/MonackFr.Mvc/Areas/UserManagement.Tests/bin/Debug/UserManagement.Tests.DLL" adapterTypeName="Microsoft.VisualStudio.TestTools.TestTypes.Unit.UnitTestAdapter, Microsoft.VisualStudio.QualityTools.Tips.UnitTest.Adapter, Version=10.0.0.0, Culture=neutral, PublicKeyToken=b03f5f7f11d50a3a" className="MonackFr.Mvc.Areas.UserManagement.Tests.UserControllerTest, UserManagement.Tests, Version=1.0.0.0, Culture=neutral, PublicKeyToken=null" name="UserIndexTest" />
    </UnitTest>
    <UnitTest name="UserLoginFailedTest" storage="d:\code\monackfr\monackfr\monackfr.mvc\monackfr.mvc\areas\usermanagement.tests\bin\debug\usermanagement.tests.dll" id="1d60ebd6-5120-558e-6cf5-95bb839e21a3">
      <Execution id="4e3a4de0-c33a-41ef-9399-5c860da77208" />
      <TestMethod codeBase="D:/code/MonackFr/MonackFr/MonackFr.Mvc/MonackFr.Mvc/Areas/UserManagement.Tests/bin/Debug/UserManagement.Tests.DLL" adapterTypeName="Microsoft.VisualStudio.TestTools.TestTypes.Unit.UnitTestAdapter, Microsoft.VisualStudio.QualityTools.Tips.UnitTest.Adapter, Version=10.0.0.0, Culture=neutral, PublicKeyToken=b03f5f7f11d50a3a" className="MonackFr.Mvc.Areas.UserManagement.Tests.UserControllerTest, UserManagement.Tests, Version=1.0.0.0, Culture=neutral, PublicKeyToken=null" name="UserLoginFailedTest" />
    </UnitTest>
  </TestDefinitions>
  <TestLists>
    <TestList name="Results Not in a List" id="8c84fa94-04c1-424b-9868-57a2d4851a1d" />
    <TestList name="All Loaded Results" id="19431567-8539-422a-85d7-44ee4e166bda" />
  </TestLists>
  <TestEntries>
    <TestEntry testId="f30632f4-ac48-c657-e69a-c38e1ba5f63d" executionId="b57814ee-12b7-4fdd-97d8-3d05315ab20c" testListId="8c84fa94-04c1-424b-9868-57a2d4851a1d" />
    <TestEntry testId="12d02056-2321-0564-00d6-da78e4c7e5f3" executionId="0a92235e-b71c-4d63-82a1-ef6fa3eb7db8" testListId="8c84fa94-04c1-424b-9868-57a2d4851a1d" />
    <TestEntry testId="070a1889-8ea7-06cd-2ab2-65373eb035fd" executionId="f6f238c5-636a-453b-8128-ae1cf4729d2e" testListId="8c84fa94-04c1-424b-9868-57a2d4851a1d" />
    <TestEntry testId="1d60ebd6-5120-558e-6cf5-95bb839e21a3" executionId="4e3a4de0-c33a-41ef-9399-5c860da77208" testListId="8c84fa94-04c1-424b-9868-57a2d4851a1d" />
    <TestEntry testId="e08ad432-739d-1b2e-f91a-caa9f450f7cb" executionId="f973a64d-5bab-4a61-a2c3-2d1612459349" testListId="8c84fa94-04c1-424b-9868-57a2d4851a1d" />
    <TestEntry testId="ef9fba92-e647-2b8b-0276-4069d00074e7" executionId="026e4954-f618-4083-95b1-6fe310b16188" testListId="8c84fa94-04c1-424b-9868-57a2d4851a1d" />
    <TestEntry testId="8f8eb222-85c9-f7ac-03ad-ca3aed0f0a41" executionId="decd5393-75fc-4feb-8a08-25aa4b913310" testListId="8c84fa94-04c1-424b-9868-57a2d4851a1d" />
    <TestEntry testId="e256cfce-9c5e-23cc-40a6-afd755f033ce" executionId="df5d0c94-dba9-4989-aac0-d7b1813c7161" testListId="8c84fa94-04c1-424b-9868-57a2d4851a1d" />
    <TestEntry testId="00267992-6885-a3ac-6132-31d3cbee82bf" executionId="14924ef5-e7d5-4e84-9295-6eecb725fd9d" testListId="8c84fa94-04c1-424b-9868-57a2d4851a1d" />
    <TestEntry testId="8e11e5c2-6ee6-6c7f-ab88-445603b773f0" executionId="b846ac40-c498-4a3c-9c91-fb6efac0a726" testListId="8c84fa94-04c1-424b-9868-57a2d4851a1d" />
    <TestEntry testId="f3cb49de-26ac-f68d-93ed-fdf9c818252d" executionId="71ce95a7-9ae1-4303-8df4-0d6e8f3612d5" testListId="8c84fa94-04c1-424b-9868-57a2d4851a1d" />
    <TestEntry testId="e3c0688c-2f97-ed5e-7815-34b7bc68f621" executionId="312ec55e-ee0a-448c-9189-385a13db0321" testListId="8c84fa94-04c1-424b-9868-57a2d4851a1d" />
    <TestEntry testId="bf368af5-d12a-81f9-7565-bf4d441723be" executionId="c914368c-f0f7-4cee-a7a1-919bde79e1e3" testListId="8c84fa94-04c1-424b-9868-57a2d4851a1d" />
    <TestEntry testId="d6d32a9d-7bfb-4b24-077c-6462f35be74d" executionId="263291df-0788-4391-a5c6-c93ab387fb99" testListId="8c84fa94-04c1-424b-9868-57a2d4851a1d" />
    <TestEntry testId="17c70e26-185c-03e5-196e-c842b0338bff" executionId="bf7cf2ee-6abc-495c-ac35-27a5bc118adc" testListId="8c84fa94-04c1-424b-9868-57a2d4851a1d" />
    <TestEntry testId="7c4f1a59-92ba-9aca-9e04-ed2e606f66c7" executionId="e2d7d840-52eb-4b7e-a0ad-4cac3d93fd01" testListId="8c84fa94-04c1-424b-9868-57a2d4851a1d" />
    <TestEntry testId="59df5c91-5b96-158d-5c2f-3fae64b479ff" executionId="3b8b13c6-0c17-481b-ac17-6e8ba3638fb8" testListId="8c84fa94-04c1-424b-9868-57a2d4851a1d" />
  </TestEntries>
  <Results>
    <UnitTestResult executionId="b57814ee-12b7-4fdd-97d8-3d05315ab20c" testId="f30632f4-ac48-c657-e69a-c38e1ba5f63d" testName="UserIndexTest" computerName="WILLEM-PC" startTime="2013-03-30T23:04:46.9289593+01:00" endTime="2013-03-30T23:04:48.4265619+01:00" testType="13cdc9d9-ddb5-4fa4-a97d-d965ccfc6d4b" outcome="Failed" testListId="8c84fa94-04c1-424b-9868-57a2d4851a1d" relativeResultsDirectory="b57814ee-12b7-4fdd-97d8-3d05315ab20c">
      <Output>
        <ErrorInfo>
          <Message>Unit Test Adapter threw exception: 
Unable to load one or more of the requested types. Retrieve the LoaderExceptions property for more information..</Message>
        </ErrorInfo>
      </Output>
    </UnitTestResult>
    <UnitTestResult executionId="0a92235e-b71c-4d63-82a1-ef6fa3eb7db8" testId="12d02056-2321-0564-00d6-da78e4c7e5f3" testName="UserViewLoginTest" computerName="WILLEM-PC" startTime="2013-03-30T23:04:48.4265619+01:00" endTime="2013-03-30T23:04:48.4421619+01:00" testType="13cdc9d9-ddb5-4fa4-a97d-d965ccfc6d4b" outcome="Failed" testListId="8c84fa94-04c1-424b-9868-57a2d4851a1d" relativeResultsDirectory="0a92235e-b71c-4d63-82a1-ef6fa3eb7db8">
      <Output>
        <ErrorInfo>
          <Message>Unit Test Adapter threw exception: 
Unable to load one or more of the requested types. Retrieve the LoaderExceptions property for more information..</Message>
        </ErrorInfo>
      </Output>
    </UnitTestResult>
    <UnitTestResult executionId="f6f238c5-636a-453b-8128-ae1cf4729d2e" testId="070a1889-8ea7-06cd-2ab2-65373eb035fd" testName="UserLoginTest" computerName="WILLEM-PC" startTime="2013-03-30T23:04:48.4577620+01:00" endTime="2013-03-30T23:04:48.4733620+01:00" testType="13cdc9d9-ddb5-4fa4-a97d-d965ccfc6d4b" outcome="Failed" testListId="8c84fa94-04c1-424b-9868-57a2d4851a1d" relativeResultsDirectory="f6f238c5-636a-453b-8128-ae1cf4729d2e">
      <Output>
        <ErrorInfo>
          <Message>Unit Test Adapter threw exception: 
Unable to load one or more of the requested types. Retrieve the LoaderExceptions property for more information..</Message>
        </ErrorInfo>
      </Output>
    </UnitTestResult>
    <UnitTestResult executionId="4e3a4de0-c33a-41ef-9399-5c860da77208" testId="1d60ebd6-5120-558e-6cf5-95bb839e21a3" testName="UserLoginFailedTest" computerName="WILLEM-PC" startTime="2013-03-30T23:04:48.4733620+01:00" endTime="2013-03-30T23:04:48.5045620+01:00" testType="13cdc9d9-ddb5-4fa4-a97d-d965ccfc6d4b" outcome="Failed" testListId="8c84fa94-04c1-424b-9868-57a2d4851a1d" relativeResultsDirectory="4e3a4de0-c33a-41ef-9399-5c860da77208">
      <Output>
        <ErrorInfo>
          <Message>Unit Test Adapter threw exception: 
Unable to load one or more of the requested types. Retrieve the LoaderExceptions property for more information..</Message>
        </ErrorInfo>
      </Output>
    </UnitTestResult>
    <UnitTestResult executionId="f973a64d-5bab-4a61-a2c3-2d1612459349" testId="e08ad432-739d-1b2e-f91a-caa9f450f7cb" testName="UserDetailsTest" computerName="WILLEM-PC" startTime="2013-03-30T23:04:48.5045620+01:00" endTime="2013-03-30T23:04:48.5357621+01:00" testType="13cdc9d9-ddb5-4fa4-a97d-d965ccfc6d4b" outcome="Failed" testListId="8c84fa94-04c1-424b-9868-57a2d4851a1d" relativeResultsDirectory="f973a64d-5bab-4a61-a2c3-2d1612459349">
      <Output>
        <ErrorInfo>
          <Message>Unit Test Adapter threw exception: 
Unable to load one or more of the requested types. Retrieve the LoaderExceptions property for more information..</Message>
        </ErrorInfo>
      </Output>
    </UnitTestResult>
    <UnitTestResult executionId="026e4954-f618-4083-95b1-6fe310b16188" testId="ef9fba92-e647-2b8b-0276-4069d00074e7" testName="UserViewCreateTest" computerName="WILLEM-PC" startTime="2013-03-30T23:04:48.5357621+01:00" endTime="2013-03-30T23:04:48.5513621+01:00" testType="13cdc9d9-ddb5-4fa4-a97d-d965ccfc6d4b" outcome="Failed" testListId="8c84fa94-04c1-424b-9868-57a2d4851a1d" relativeResultsDirectory="026e4954-f618-4083-95b1-6fe310b16188">
      <Output>
        <ErrorInfo>
          <Message>Unit Test Adapter threw exception: 
Unable to load one or more of the requested types. Retrieve the LoaderExceptions property for more information..</Message>
        </ErrorInfo>
      </Output>
    </UnitTestResult>
    <UnitTestResult executionId="decd5393-75fc-4feb-8a08-25aa4b913310" testId="8f8eb222-85c9-f7ac-03ad-ca3aed0f0a41" testName="UserCreateTest" computerName="WILLEM-PC" startTime="2013-03-30T23:04:48.5669622+01:00" endTime="2013-03-30T23:04:48.5825622+01:00" testType="13cdc9d9-ddb5-4fa4-a97d-d965ccfc6d4b" outcome="Failed" testListId="8c84fa94-04c1-424b-9868-57a2d4851a1d" relativeResultsDirectory="decd5393-75fc-4feb-8a08-25aa4b913310">
      <Output>
        <ErrorInfo>
          <Message>Unit Test Adapter threw exception: 
Unable to load one or more of the requested types. Retrieve the LoaderExceptions property for more information..</Message>
        </ErrorInfo>
      </Output>
    </UnitTestResult>
    <UnitTestResult executionId="df5d0c94-dba9-4989-aac0-d7b1813c7161" testId="e256cfce-9c5e-23cc-40a6-afd755f033ce" testName="UserViewEditTest" computerName="WILLEM-PC" startTime="2013-03-30T23:04:48.5981622+01:00" endTime="2013-03-30T23:04:48.6293623+01:00" testType="13cdc9d9-ddb5-4fa4-a97d-d965ccfc6d4b" outcome="Failed" testListId="8c84fa94-04c1-424b-9868-57a2d4851a1d" relativeResultsDirectory="df5d0c94-dba9-4989-aac0-d7b1813c7161">
      <Output>
        <ErrorInfo>
          <Message>Unit Test Adapter threw exception: 
Unable to load one or more of the requested types. Retrieve the LoaderExceptions property for more information..</Message>
        </ErrorInfo>
      </Output>
    </UnitTestResult>
    <UnitTestResult executionId="14924ef5-e7d5-4e84-9295-6eecb725fd9d" testId="00267992-6885-a3ac-6132-31d3cbee82bf" testName="UserEditTest" computerName="WILLEM-PC" startTime="2013-03-30T23:04:48.6293623+01:00" endTime="2013-03-30T23:04:48.6605623+01:00" testType="13cdc9d9-ddb5-4fa4-a97d-d965ccfc6d4b" outcome="Failed" testListId="8c84fa94-04c1-424b-9868-57a2d4851a1d" relativeResultsDirectory="14924ef5-e7d5-4e84-9295-6eecb725fd9d">
      <Output>
        <ErrorInfo>
          <Message>Unit Test Adapter threw exception: 
Unable to load one or more of the requested types. Retrieve the LoaderExceptions property for more information..</Message>
        </ErrorInfo>
      </Output>
    </UnitTestResult>
    <UnitTestResult executionId="b846ac40-c498-4a3c-9c91-fb6efac0a726" testId="8e11e5c2-6ee6-6c7f-ab88-445603b773f0" testName="UserDeleteTest" computerName="WILLEM-PC" startTime="2013-03-30T23:04:48.6605623+01:00" endTime="2013-03-30T23:04:48.6917624+01:00" testType="13cdc9d9-ddb5-4fa4-a97d-d965ccfc6d4b" outcome="Failed" testListId="8c84fa94-04c1-424b-9868-57a2d4851a1d" relativeResultsDirectory="b846ac40-c498-4a3c-9c91-fb6efac0a726">
      <Output>
        <ErrorInfo>
          <Message>Unit Test Adapter threw exception: 
Unable to load one or more of the requested types. Retrieve the LoaderExceptions property for more information..</Message>
        </ErrorInfo>
      </Output>
    </UnitTestResult>
    <UnitTestResult executionId="71ce95a7-9ae1-4303-8df4-0d6e8f3612d5" testId="f3cb49de-26ac-f68d-93ed-fdf9c818252d" testName="RoleViewIndexTest" computerName="WILLEM-PC" startTime="2013-03-30T23:04:48.7073624+01:00" endTime="2013-03-30T23:04:48.7385625+01:00" testType="13cdc9d9-ddb5-4fa4-a97d-d965ccfc6d4b" outcome="Failed" testListId="8c84fa94-04c1-424b-9868-57a2d4851a1d" relativeResultsDirectory="71ce95a7-9ae1-4303-8df4-0d6e8f3612d5">
      <Output>
        <ErrorInfo>
          <Message>Unit Test Adapter threw exception: 
Unable to load one or more of the requested types. Retrieve the LoaderExceptions property for more information..</Message>
        </ErrorInfo>
      </Output>
    </UnitTestResult>
    <UnitTestResult executionId="312ec55e-ee0a-448c-9189-385a13db0321" testId="e3c0688c-2f97-ed5e-7815-34b7bc68f621" testName="DetailsTest" computerName="WILLEM-PC" startTime="2013-03-30T23:04:48.8321626+01:00" endTime="2013-03-30T23:04:49.0505630+01:00" testType="13cdc9d9-ddb5-4fa4-a97d-d965ccfc6d4b" outcome="Failed" testListId="8c84fa94-04c1-424b-9868-57a2d4851a1d" relativeResultsDirectory="312ec55e-ee0a-448c-9189-385a13db0321">
      <Output>
        <ErrorInfo>
          <Message>The URL specified ('http://mvc/test3') does not correspond to a valid directory. Tests configured to run in ASP.NET in IIS require a valid directory to exist for the URL. The URL may be invalid or may not point to a valid Web application.</Message>
        </ErrorInfo>
      </Output>
    </UnitTestResult>
    <UnitTestResult executionId="c914368c-f0f7-4cee-a7a1-919bde79e1e3" testId="bf368af5-d12a-81f9-7565-bf4d441723be" testName="RoleViewCreateTest" computerName="WILLEM-PC" startTime="2013-03-30T23:04:49.0661630+01:00" endTime="2013-03-30T23:04:49.0973631+01:00" testType="13cdc9d9-ddb5-4fa4-a97d-d965ccfc6d4b" outcome="Failed" testListId="8c84fa94-04c1-424b-9868-57a2d4851a1d" relativeResultsDirectory="c914368c-f0f7-4cee-a7a1-919bde79e1e3">
      <Output>
        <ErrorInfo>
          <Message>Unit Test Adapter threw exception: 
Unable to load one or more of the requested types. Retrieve the LoaderExceptions property for more information..</Message>
        </ErrorInfo>
      </Output>
    </UnitTestResult>
    <UnitTestResult executionId="263291df-0788-4391-a5c6-c93ab387fb99" testId="d6d32a9d-7bfb-4b24-077c-6462f35be74d" testName="RoleCreateTest" computerName="WILLEM-PC" startTime="2013-03-30T23:04:49.1129631+01:00" endTime="2013-03-30T23:04:49.1441632+01:00" testType="13cdc9d9-ddb5-4fa4-a97d-d965ccfc6d4b" outcome="Failed" testListId="8c84fa94-04c1-424b-9868-57a2d4851a1d" relativeResultsDirectory="263291df-0788-4391-a5c6-c93ab387fb99">
      <Output>
        <ErrorInfo>
          <Message>Unit Test Adapter threw exception: 
Unable to load one or more of the requested types. Retrieve the LoaderExceptions property for more information..</Message>
        </ErrorInfo>
      </Output>
    </UnitTestResult>
    <UnitTestResult executionId="bf7cf2ee-6abc-495c-ac35-27a5bc118adc" testId="17c70e26-185c-03e5-196e-c842b0338bff" testName="RoleViewEditTest" computerName="WILLEM-PC" startTime="2013-03-30T23:04:49.1441632+01:00" endTime="2013-03-30T23:04:49.1753632+01:00" testType="13cdc9d9-ddb5-4fa4-a97d-d965ccfc6d4b" outcome="Failed" testListId="8c84fa94-04c1-424b-9868-57a2d4851a1d" relativeResultsDirectory="bf7cf2ee-6abc-495c-ac35-27a5bc118adc">
      <Output>
        <ErrorInfo>
          <Message>Unit Test Adapter threw exception: 
Unable to load one or more of the requested types. Retrieve the LoaderExceptions property for more information..</Message>
        </ErrorInfo>
      </Output>
    </UnitTestResult>
    <UnitTestResult executionId="e2d7d840-52eb-4b7e-a0ad-4cac3d93fd01" testId="7c4f1a59-92ba-9aca-9e04-ed2e606f66c7" testName="RoleEditTest" computerName="WILLEM-PC" startTime="2013-03-30T23:04:49.1909632+01:00" endTime="2013-03-30T23:04:49.2221633+01:00" testType="13cdc9d9-ddb5-4fa4-a97d-d965ccfc6d4b" outcome="Failed" testListId="8c84fa94-04c1-424b-9868-57a2d4851a1d" relativeResultsDirectory="e2d7d840-52eb-4b7e-a0ad-4cac3d93fd01">
      <Output>
        <ErrorInfo>
          <Message>Unit Test Adapter threw exception: 
Unable to load one or more of the requested types. Retrieve the LoaderExceptions property for more information..</Message>
        </ErrorInfo>
      </Output>
    </UnitTestResult>
    <UnitTestResult executionId="3b8b13c6-0c17-481b-ac17-6e8ba3638fb8" testId="59df5c91-5b96-158d-5c2f-3fae64b479ff" testName="DeleteTest" computerName="WILLEM-PC" startTime="2013-03-30T23:04:49.2221633+01:00" endTime="2013-03-30T23:04:49.3001634+01:00" testType="13cdc9d9-ddb5-4fa4-a97d-d965ccfc6d4b" outcome="Failed" testListId="8c84fa94-04c1-424b-9868-57a2d4851a1d" relativeResultsDirectory="3b8b13c6-0c17-481b-ac17-6e8ba3638fb8">
      <Output>
        <ErrorInfo>
          <Message>The URL specified ('http://mvc/test3') does not correspond to a valid directory. Tests configured to run in ASP.NET in IIS require a valid directory to exist for the URL. The URL may be invalid or may not point to a valid Web application.</Message>
        </ErrorInfo>
      </Output>
    </UnitTestResult>
  </Results>
</TestRun>